# JRE version: Java(TM) SE Runtime Environment (8.0_05-b13) (build 1.8.0_05-b13)
# Java VM: Java HotSpot(TM) 64-Bit Server VM (25.5-b02 mixed mode windows-amd64 compressed oops)
Heap:
 PSYoungGen      total 212480K, used 150791K [0x00000000f0000000, 0x0000000100000000, 0x0000000100000000)
  eden space 167424K, 72% used [0x00000000f0000000,0x00000000f76013b0,0x00000000fa380000)
  from space 45056K, 66% used [0x00000000fa380000,0x00000000fc0c0a60,0x00000000fcf80000)
  to   space 47616K, 0% used [0x00000000fd180000,0x00000000fd180000,0x0000000100000000)
 ParOldGen       total 69632K, used 60175K [0x00000000d0000000, 0x00000000d4400000, 0x00000000f0000000)
  object space 69632K, 86% used [0x00000000d0000000,0x00000000d3ac3e80,0x00000000d4400000)
 Metaspace       used 54316K, capacity 55708K, committed 55892K, reserved 1099776K
  class space    used 5905K, capacity 6419K, committed 6528K, reserved 1048576K
GC Heap History (10 events):
Event: 24.770 GC heap before
{Heap before GC invocations=62 (full 5):
 PSYoungGen      total 204288K, used 152157K [0x00000000f0000000, 0x00000000ffc00000, 0x0000000100000000)
  eden space 152576K, 97% used [0x00000000f0000000,0x00000000f91b5d08,0x00000000f9500000)
  from space 51712K, 5% used [0x00000000fc980000,0x00000000fcc617b8,0x00000000ffc00000)
  to   space 52736K, 0% used [0x00000000f9500000,0x00000000f9500000,0x00000000fc880000)
 ParOldGen       total 69632K, used 60143K [0x00000000d0000000, 0x00000000d4400000, 0x00000000f0000000)
  object space 69632K, 86% used [0x00000000d0000000,0x00000000d3abbe80,0x00000000d4400000)
 Metaspace       used 47548K, capacity 48714K, committed 49108K, reserved 1093632K
  class space    used 5120K, capacity 5505K, committed 5632K, reserved 1048576K
Event: 24.789 GC heap after
Heap after GC invocations=62 (full 5):
 PSYoungGen      total 205312K, used 5230K [0x00000000f0000000, 0x00000000ffc00000, 0x0000000100000000)
  eden space 152576K, 0% used [0x00000000f0000000,0x00000000f0000000,0x00000000f9500000)
  from space 52736K, 9% used [0x00000000f9500000,0x00000000f9a1b820,0x00000000fc880000)
  to   space 50176K, 0% used [0x00000000fcb00000,0x00000000fcb00000,0x00000000ffc00000)
 ParOldGen       total 69632K, used 60151K [0x00000000d0000000, 0x00000000d4400000, 0x00000000f0000000)
  object space 69632K, 86% used [0x00000000d0000000,0x00000000d3abde80,0x00000000d4400000)
 Metaspace       used 47548K, capacity 48714K, committed 49108K, reserved 1093632K
  class space    used 5120K, capacity 5505K, committed 5632K, reserved 1048576K
}
Event: 25.918 GC heap before
{Heap before GC invocations=63 (full 5):
 PSYoungGen      total 205312K, used 157806K [0x00000000f0000000, 0x00000000ffc00000, 0x0000000100000000)
  eden space 152576K, 100% used [0x00000000f0000000,0x00000000f9500000,0x00000000f9500000)
  from space 52736K, 9% used [0x00000000f9500000,0x00000000f9a1b820,0x00000000fc880000)
  to   space 50176K, 0% used [0x00000000fcb00000,0x00000000fcb00000,0x00000000ffc00000)
 ParOldGen       total 69632K, used 60151K [0x00000000d0000000, 0x00000000d4400000, 0x00000000f0000000)
  object space 69632K, 86% used [0x00000000d0000000,0x00000000d3abde80,0x00000000d4400000)
 Metaspace       used 48369K, capacity 49520K, committed 49876K, reserved 1093632K
  class space    used 5229K, capacity 5602K, committed 5632K, reserved 1048576K
Event: 25.938 GC heap after
Heap after GC invocations=63 (full 5):
 PSYoungGen      total 205824K, used 7884K [0x00000000f0000000, 0x00000000ff880000, 0x0000000100000000)
  eden space 159232K, 0% used [0x00000000f0000000,0x00000000f0000000,0x00000000f9b80000)
  from space 46592K, 16% used [0x00000000fcb00000,0x00000000fd2b31e0,0x00000000ff880000)
  to   space 47616K, 0% used [0x00000000f9b80000,0x00000000f9b80000,0x00000000fca00000)
 ParOldGen       total 69632K, used 60151K [0x00000000d0000000, 0x00000000d4400000, 0x00000000f0000000)
  object space 69632K, 86% used [0x00000000d0000000,0x00000000d3abde80,0x00000000d4400000)
 Metaspace       used 48369K, capacity 49520K, committed 49876K, reserved 1093632K
  class space    used 5229K, capacity 5602K, committed 5632K, reserved 1048576K
}
Event: 27.139 GC heap before
{Heap before GC invocations=64 (full 5):
 PSYoungGen      total 205824K, used 167116K [0x00000000f0000000, 0x00000000ff880000, 0x0000000100000000)
  eden space 159232K, 100% used [0x00000000f0000000,0x00000000f9b80000,0x00000000f9b80000)
  from space 46592K, 16% used [0x00000000fcb00000,0x00000000fd2b31e0,0x00000000ff880000)
  to   space 47616K, 0% used [0x00000000f9b80000,0x00000000f9b80000,0x00000000fca00000)
 ParOldGen       total 69632K, used 60151K [0x00000000d0000000, 0x00000000d4400000, 0x00000000f0000000)
  object space 69632K, 86% used [0x00000000d0000000,0x00000000d3abde80,0x00000000d4400000)
 Metaspace       used 49203K, capacity 50434K, committed 50772K, reserved 1093632K
  class space    used 5331K, capacity 5710K, committed 5760K, reserved 1048576K
Event: 27.172 GC heap after
Heap after GC invocations=64 (full 5):
 PSYoungGen      total 206848K, used 13925K [0x00000000f0000000, 0x00000000ffb00000, 0x0000000100000000)
  eden space 159232K, 0% used [0x00000000f0000000,0x00000000f0000000,0x00000000f9b80000)
  from space 47616K, 29% used [0x00000000f9b80000,0x00000000fa9194c8,0x00000000fca00000)
  to   space 44544K, 0% used [0x00000000fcf80000,0x00000000fcf80000,0x00000000ffb00000)
 ParOldGen       total 69632K, used 60159K [0x00000000d0000000, 0x00000000d4400000, 0x00000000f0000000)
  object space 69632K, 86% used [0x00000000d0000000,0x00000000d3abfe80,0x00000000d4400000)
 Metaspace       used 49203K, capacity 50434K, committed 50772K, reserved 1093632K
  class space    used 5331K, capacity 5710K, committed 5760K, reserved 1048576K
}
Event: 28.406 GC heap before
{Heap before GC invocations=65 (full 5):
 PSYoungGen      total 206848K, used 173157K [0x00000000f0000000, 0x00000000ffb00000, 0x0000000100000000)
  eden space 159232K, 100% used [0x00000000f0000000,0x00000000f9b80000,0x00000000f9b80000)
  from space 47616K, 29% used [0x00000000f9b80000,0x00000000fa9194c8,0x00000000fca00000)
  to   space 44544K, 0% used [0x00000000fcf80000,0x00000000fcf80000,0x00000000ffb00000)
 ParOldGen       total 69632K, used 60159K [0x00000000d0000000, 0x00000000d4400000, 0x00000000f0000000)
  object space 69632K, 86% used [0x00000000d0000000,0x00000000d3abfe80,0x00000000d4400000)
 Metaspace       used 50788K, capacity 51956K, committed 52180K, reserved 1095680K
  class space    used 5469K, capacity 5874K, committed 5888K, reserved 1048576K
Event: 28.456 GC heap after
Heap after GC invocations=65 (full 5):
 PSYoungGen      total 211968K, used 22408K [0x00000000f0000000, 0x00000000ffd80000, 0x0000000100000000)
  eden space 167424K, 0% used [0x00000000f0000000,0x00000000f0000000,0x00000000fa380000)
  from space 44544K, 50% used [0x00000000fcf80000,0x00000000fe562370,0x00000000ffb00000)
  to   space 45056K, 0% used [0x00000000fa380000,0x00000000fa380000,0x00000000fcf80000)
 ParOldGen       total 69632K, used 60167K [0x00000000d0000000, 0x00000000d4400000, 0x00000000f0000000)
  object space 69632K, 86% used [0x00000000d0000000,0x00000000d3ac1e80,0x00000000d4400000)
 Metaspace       used 50788K, capacity 51956K, committed 52180K, reserved 1095680K
  class space    used 5469K, capacity 5874K, committed 5888K, reserved 1048576K
}
Event: 29.463 GC heap before
{Heap before GC invocations=66 (full 5):
 PSYoungGen      total 211968K, used 189056K [0x00000000f0000000, 0x00000000ffd80000, 0x0000000100000000)
  eden space 167424K, 99% used [0x00000000f0000000,0x00000000fa2bde10,0x00000000fa380000)
  from space 44544K, 50% used [0x00000000fcf80000,0x00000000fe562370,0x00000000ffb00000)
  to   space 45056K, 0% used [0x00000000fa380000,0x00000000fa380000,0x00000000fcf80000)
 ParOldGen       total 69632K, used 60167K [0x00000000d0000000, 0x00000000d4400000, 0x00000000f0000000)
  object space 69632K, 86% used [0x00000000d0000000,0x00000000d3ac1e80,0x00000000d4400000)
 Metaspace       used 52431K, capacity 53686K, committed 53972K, reserved 1097728K
  class space    used 5711K, capacity 6091K, committed 6144K, reserved 1048576K
Event: 29.497 GC heap after
Heap after GC invocations=66 (full 5):
 PSYoungGen      total 212480K, used 29954K [0x00000000f0000000, 0x0000000100000000, 0x0000000100000000)
  eden space 167424K, 0% used [0x00000000f0000000,0x00000000f0000000,0x00000000fa380000)
  from space 45056K, 66% used [0x00000000fa380000,0x00000000fc0c0a60,0x00000000fcf80000)
  to   space 47616K, 0% used [0x00000000fd180000,0x00000000fd180000,0x0000000100000000)
 ParOldGen       total 69632K, used 60175K [0x00000000d0000000, 0x00000000d4400000, 0x00000000f0000000)
  object space 69632K, 86% used [0x00000000d0000000,0x00000000d3ac3e80,0x00000000d4400000)
 Metaspace       used 52431K, capacity 53686K, committed 53972K, reserved 1097728K
  class space    used 5711K, capacity 6091K, committed 6144K, reserved 1048576K
}

