# JRE version: Java(TM) SE Runtime Environment (8.0_05-b13) (build 1.8.0_05-b13)
# Java VM: Java HotSpot(TM) 64-Bit Server VM (25.5-b02 mixed mode windows-amd64 compressed oops)
Heap:
 PSYoungGen      total 166400K, used 64423K [0x00000000f0000000, 0x00000000fde00000, 0x0000000100000000)
  eden space 123904K, 21% used [0x00000000f0000000,0x00000000f1a545a8,0x00000000f7900000)
  from space 42496K, 88% used [0x00000000f7900000,0x00000000f9d958d8,0x00000000fa280000)
  to   space 47616K, 0% used [0x00000000faf80000,0x00000000faf80000,0x00000000fde00000)
 ParOldGen       total 92672K, used 67463K [0x00000000d0000000, 0x00000000d5a80000, 0x00000000f0000000)
  object space 92672K, 72% used [0x00000000d0000000,0x00000000d41e1d58,0x00000000d5a80000)
 Metaspace       used 56282K, capacity 58090K, committed 58368K, reserved 1101824K
  class space    used 6224K, capacity 6856K, committed 6912K, reserved 1048576K
GC Heap History (10 events):
Event: 20.292 GC heap before
{Heap before GC invocations=96 (full 11):
 PSYoungGen      total 143872K, used 136785K [0x00000000f0000000, 0x00000000fa600000, 0x0000000100000000)
  eden space 120832K, 100% used [0x00000000f0000000,0x00000000f7600000,0x00000000f7600000)
  from space 23040K, 69% used [0x00000000f8d80000,0x00000000f9d14510,0x00000000fa400000)
  to   space 24064K, 0% used [0x00000000f7600000,0x00000000f7600000,0x00000000f8d80000)
 ParOldGen       total 92672K, used 62529K [0x00000000d0000000, 0x00000000d5a80000, 0x00000000f0000000)
  object space 92672K, 67% used [0x00000000d0000000,0x00000000d3d10410,0x00000000d5a80000)
 Metaspace       used 50892K, capacity 51988K, committed 52224K, reserved 1095680K
  class space    used 5480K, capacity 5842K, committed 5888K, reserved 1048576K
Event: 20.329 GC heap after
Heap after GC invocations=96 (full 11):
 PSYoungGen      total 144896K, used 20661K [0x00000000f0000000, 0x00000000fb080000, 0x0000000100000000)
  eden space 120832K, 0% used [0x00000000f0000000,0x00000000f0000000,0x00000000f7600000)
  from space 24064K, 85% used [0x00000000f7600000,0x00000000f8a2d708,0x00000000f8d80000)
  to   space 26624K, 0% used [0x00000000f9680000,0x00000000f9680000,0x00000000fb080000)
 ParOldGen       total 92672K, used 62537K [0x00000000d0000000, 0x00000000d5a80000, 0x00000000f0000000)
  object space 92672K, 67% used [0x00000000d0000000,0x00000000d3d12410,0x00000000d5a80000)
 Metaspace       used 50892K, capacity 51988K, committed 52224K, reserved 1095680K
  class space    used 5480K, capacity 5842K, committed 5888K, reserved 1048576K
}
Event: 20.981 GC heap before
{Heap before GC invocations=97 (full 11):
 PSYoungGen      total 144896K, used 141493K [0x00000000f0000000, 0x00000000fb080000, 0x0000000100000000)
  eden space 120832K, 100% used [0x00000000f0000000,0x00000000f7600000,0x00000000f7600000)
  from space 24064K, 85% used [0x00000000f7600000,0x00000000f8a2d708,0x00000000f8d80000)
  to   space 26624K, 0% used [0x00000000f9680000,0x00000000f9680000,0x00000000fb080000)
 ParOldGen       total 92672K, used 62537K [0x00000000d0000000, 0x00000000d5a80000, 0x00000000f0000000)
  object space 92672K, 67% used [0x00000000d0000000,0x00000000d3d12410,0x00000000d5a80000)
 Metaspace       used 52416K, capacity 53622K, committed 53760K, reserved 1097728K
  class space    used 5707K, capacity 6091K, committed 6144K, reserved 1048576K
Event: 21.028 GC heap after
Heap after GC invocations=97 (full 11):
 PSYoungGen      total 150016K, used 26594K [0x00000000f0000000, 0x00000000fb880000, 0x0000000100000000)
  eden space 123392K, 0% used [0x00000000f0000000,0x00000000f0000000,0x00000000f7880000)
  from space 26624K, 99% used [0x00000000f9680000,0x00000000fb078860,0x00000000fb080000)
  to   space 30720K, 0% used [0x00000000f7880000,0x00000000f7880000,0x00000000f9680000)
 ParOldGen       total 92672K, used 63628K [0x00000000d0000000, 0x00000000d5a80000, 0x00000000f0000000)
  object space 92672K, 68% used [0x00000000d0000000,0x00000000d3e23360,0x00000000d5a80000)
 Metaspace       used 52416K, capacity 53622K, committed 53760K, reserved 1097728K
  class space    used 5707K, capacity 6091K, committed 6144K, reserved 1048576K
}
Event: 22.474 GC heap before
{Heap before GC invocations=98 (full 11):
 PSYoungGen      total 150016K, used 149986K [0x00000000f0000000, 0x00000000fb880000, 0x0000000100000000)
  eden space 123392K, 100% used [0x00000000f0000000,0x00000000f7880000,0x00000000f7880000)
  from space 26624K, 99% used [0x00000000f9680000,0x00000000fb078860,0x00000000fb080000)
  to   space 30720K, 0% used [0x00000000f7880000,0x00000000f7880000,0x00000000f9680000)
 ParOldGen       total 92672K, used 63628K [0x00000000d0000000, 0x00000000d5a80000, 0x00000000f0000000)
  object space 92672K, 68% used [0x00000000d0000000,0x00000000d3e23360,0x00000000d5a80000)
 Metaspace       used 54597K, capacity 56276K, committed 56576K, reserved 1099776K
  class space    used 5952K, capacity 6583K, committed 6656K, reserved 1048576K
Event: 22.507 GC heap after
Heap after GC invocations=98 (full 11):
 PSYoungGen      total 154112K, used 30696K [0x00000000f0000000, 0x00000000fc680000, 0x0000000100000000)
  eden space 123392K, 0% used [0x00000000f0000000,0x00000000f0000000,0x00000000f7880000)
  from space 30720K, 99% used [0x00000000f7880000,0x00000000f967a1c8,0x00000000f9680000)
  to   space 36864K, 0% used [0x00000000fa280000,0x00000000fa280000,0x00000000fc680000)
 ParOldGen       total 92672K, used 67447K [0x00000000d0000000, 0x00000000d5a80000, 0x00000000f0000000)
  object space 92672K, 72% used [0x00000000d0000000,0x00000000d41ddd58,0x00000000d5a80000)
 Metaspace       used 54597K, capacity 56276K, committed 56576K, reserved 1099776K
  class space    used 5952K, capacity 6583K, committed 6656K, reserved 1048576K
}
Event: 23.137 GC heap before
{Heap before GC invocations=99 (full 11):
 PSYoungGen      total 154112K, used 144966K [0x00000000f0000000, 0x00000000fc680000, 0x0000000100000000)
  eden space 123392K, 92% used [0x00000000f0000000,0x00000000f6f97758,0x00000000f7880000)
  from space 30720K, 99% used [0x00000000f7880000,0x00000000f967a1c8,0x00000000f9680000)
  to   space 36864K, 0% used [0x00000000fa280000,0x00000000fa280000,0x00000000fc680000)
 ParOldGen       total 92672K, used 67447K [0x00000000d0000000, 0x00000000d5a80000, 0x00000000f0000000)
  object space 92672K, 72% used [0x00000000d0000000,0x00000000d41ddd58,0x00000000d5a80000)
 Metaspace       used 55481K, capacity 57290K, committed 57472K, reserved 1099776K
  class space    used 6091K, capacity 6719K, committed 6784K, reserved 1048576K
Event: 23.196 GC heap after
Heap after GC invocations=99 (full 11):
 PSYoungGen      total 160768K, used 36012K [0x00000000f0000000, 0x00000000fd280000, 0x0000000100000000)
  eden space 123904K, 0% used [0x00000000f0000000,0x00000000f0000000,0x00000000f7900000)
  from space 36864K, 97% used [0x00000000fa280000,0x00000000fc5ab0f8,0x00000000fc680000)
  to   space 42496K, 0% used [0x00000000f7900000,0x00000000f7900000,0x00000000fa280000)
 ParOldGen       total 92672K, used 67455K [0x00000000d0000000, 0x00000000d5a80000, 0x00000000f0000000)
  object space 92672K, 72% used [0x00000000d0000000,0x00000000d41dfd58,0x00000000d5a80000)
 Metaspace       used 55481K, capacity 57290K, committed 57472K, reserved 1099776K
  class space    used 6091K, capacity 6719K, committed 6784K, reserved 1048576K
}
Event: 23.583 GC heap before
{Heap before GC invocations=100 (full 11):
 PSYoungGen      total 160768K, used 159916K [0x00000000f0000000, 0x00000000fd280000, 0x0000000100000000)
  eden space 123904K, 100% used [0x00000000f0000000,0x00000000f7900000,0x00000000f7900000)
  from space 36864K, 97% used [0x00000000fa280000,0x00000000fc5ab0f8,0x00000000fc680000)
  to   space 42496K, 0% used [0x00000000f7900000,0x00000000f7900000,0x00000000fa280000)
 ParOldGen       total 92672K, used 67455K [0x00000000d0000000, 0x00000000d5a80000, 0x00000000f0000000)
  object space 92672K, 72% used [0x00000000d0000000,0x00000000d41dfd58,0x00000000d5a80000)
 Metaspace       used 55969K, capacity 57770K, committed 58112K, reserved 1099776K
  class space    used 6163K, capacity 6792K, committed 6912K, reserved 1048576K
Event: 23.639 GC heap after
Heap after GC invocations=100 (full 11):
 PSYoungGen      total 166400K, used 37462K [0x00000000f0000000, 0x00000000fde00000, 0x0000000100000000)
  eden space 123904K, 0% used [0x00000000f0000000,0x00000000f0000000,0x00000000f7900000)
  from space 42496K, 88% used [0x00000000f7900000,0x00000000f9d958d8,0x00000000fa280000)
  to   space 47616K, 0% used [0x00000000faf80000,0x00000000faf80000,0x00000000fde00000)
 ParOldGen       total 92672K, used 67463K [0x00000000d0000000, 0x00000000d5a80000, 0x00000000f0000000)
  object space 92672K, 72% used [0x00000000d0000000,0x00000000d41e1d58,0x00000000d5a80000)
 Metaspace       used 55969K, capacity 57770K, committed 58112K, reserved 1099776K
  class space    used 6163K, capacity 6792K, committed 6912K, reserved 1048576K
}

